(---------------------------------------------------------------------)
(                                                                     )
(    ARTWORK LOG                                                      )
(                                                                     )
(    Drawing          : dev-template-board.brd                        )
(    Software Version : 16.6-2015S051                                 )
(    Date/Time        : Wed Dec 23 10:11:20 2015                      )
(                                                                     )
(---------------------------------------------------------------------)



 ******************************************
 WARNING: DRC OUT OF DATE on this layout.
 ******************************************

 ---- Photoplot outline rectangle not found; using drawing extents.



Results from parameter file ...
    DEVICE-TYPE           GERBER_RS274X
    OUTPUT-UNITS          INCHES
    FILM-SIZE             2400000 1600000
    FORMAT                2.5
    ABORT-ON-ERROR        NO
    SCALE                 1
    SUPPRESS-LEAD-ZEROES  YES
    SUPPRESS-TRAIL-ZEROES NO
    SUPPRESS-EQUAL        YES
    UNDEF-APT-CONT        NO



================================================================
     PROCESSING FILM < TOP >
     TO FILE < Z:/Personal/O'Dell, Chic/Emag demo/board/TOP.art > ...
================================================================

  FILM PARAMETERS :
  ---------------------------------------------------------
  Undefined line width                10.0
  Mirror code                         NONE
  Rotate angle                        NONE
  Offset x:                           0.0
  Offset y:                           0.0
  Plot negative                       NO
  Suppress unconnected internal pads  NO
  Draw holes only                     NO



  APERTURES USED:
  ---------------------------------------------------------
  TYPE       SIZE/NAME                   ROT   MIRROR MODE 
  ---------------------------------------------------------
  CIRCLE     0.01500                                  DARK 
  CIRCLE     0.02500                                  DARK 
  CIRCLE     0.05000                                  DARK 
  CIRCLE     0.06000                                  DARK 
  CIRCLE     0.07000                                  DARK 
  CIRCLE     0.07600                                  DARK 
  CIRCLE     0.08470                                  DARK 
  SQUARE     0.07000                     0.000 NO     DARK 
  RECTANGLE  0.03600     x 0.06300       0.000 NO     DARK 
  RECTANGLE  0.03600     x 0.06300      90.000 NO     DARK 
  RECTANGLE  0.03800     x 0.04000       0.000 NO     DARK 
  RECTANGLE  0.09450     x 0.11020      90.000 NO     DARK 

     TOP created with warnings


================================================================
     PROCESSING FILM < outline >
     TO FILE < Z:/Personal/O'Dell, Chic/Emag demo/board/outline.art > ...
================================================================

  FILM PARAMETERS :
  ---------------------------------------------------------
  Undefined line width                10.0
  Mirror code                         NONE
  Rotate angle                        NONE
  Offset x:                           0.0
  Offset y:                           0.0
  Plot negative                       NO
  Suppress unconnected internal pads  NO
  Draw holes only                     NO

    WARNING: 0 width line found at (0.0 0.0)
           ... using undefined line width of 10.0



  APERTURES USED:
  ---------------------------------------------------------
  TYPE       SIZE/NAME                   ROT   MIRROR MODE 
  ---------------------------------------------------------
  CIRCLE     0.01000                                  DARK 

     outline created with warnings


------------------------------------------------------
 SUMMARY:
        TOP created with warnings
        outline created with warnings

 ARTWORK had warnings
